<?xml version="1.0" encoding="UTF-8"?>
<robot generator="Robot 6.0.2 (Python 3.11.2 on win32)" generated="20230403 22:31:25.839" rpa="false" schemaversion="3">
<suite id="s1" name="Tests" source="C:\Users\Tiago.Barbosa\PycharmProjects\zup-web-robotframework\tests">
<suite id="s1-s1" name="Web Testing" source="C:\Users\Tiago.Barbosa\PycharmProjects\zup-web-robotframework\tests\web_testing.robot">
<test id="s1-s1-t1" name="Caso de Teste 01 - Acesso à home page" line="9">
<kw name="Abrir o navegador" library="web_testing" type="SETUP">
<kw name="Open Browser" library="SeleniumLibrary">
<arg>browser=chrome</arg>
<doc>Opens a new browser instance to the optional ``url``.</doc>
<msg timestamp="20230403 22:31:26.336" level="INFO">Opening browser 'chrome' to base url 'None'.</msg>
<status status="PASS" starttime="20230403 22:31:26.336" endtime="20230403 22:31:27.635"/>
</kw>
<status status="PASS" starttime="20230403 22:31:26.336" endtime="20230403 22:31:27.635"/>
</kw>
<kw name="Acessar a página da ZUP" library="web_testing">
<kw name="Go To" library="SeleniumLibrary">
<arg>${URL}</arg>
<doc>Navigates the current browser window to the provided ``url``.</doc>
<msg timestamp="20230403 22:31:27.635" level="INFO">Opening url 'https://www.zup.com.br'</msg>
<status status="PASS" starttime="20230403 22:31:27.635" endtime="20230403 22:31:33.477"/>
</kw>
<kw name="Maximize Browser Window" library="SeleniumLibrary">
<doc>Maximizes current browser window.</doc>
<status status="PASS" starttime="20230403 22:31:33.477" endtime="20230403 22:31:33.603"/>
</kw>
<status status="PASS" starttime="20230403 22:31:27.635" endtime="20230403 22:31:33.603"/>
</kw>
<kw name="Verificar a URL da home page" library="web_testing">
<kw name="Location Should Be" library="SeleniumLibrary">
<arg>https://www.zup.com.br/</arg>
<doc>Verifies that the current URL is exactly ``url``.</doc>
<msg timestamp="20230403 22:31:33.611" level="INFO">Current location is 'https://www.zup.com.br/'.</msg>
<status status="PASS" starttime="20230403 22:31:33.603" endtime="20230403 22:31:33.611"/>
</kw>
<status status="PASS" starttime="20230403 22:31:33.603" endtime="20230403 22:31:33.611"/>
</kw>
<kw name="Verificar se aparece a frase &quot;Modernize e evolua seu negócio com a Zup&quot;" library="web_testing">
<kw name="Wait Until Element Is Visible" library="SeleniumLibrary">
<arg>${HEADER_HOME}</arg>
<doc>Waits until the element ``locator`` is visible.</doc>
<status status="PASS" starttime="20230403 22:31:33.611" endtime="20230403 22:31:33.678"/>
</kw>
<status status="PASS" starttime="20230403 22:31:33.611" endtime="20230403 22:31:33.680"/>
</kw>
<kw name="Fechar o navegador" library="web_testing" type="TEARDOWN">
<kw name="Close Browser" library="SeleniumLibrary">
<doc>Closes the current browser.</doc>
<status status="PASS" starttime="20230403 22:31:33.680" endtime="20230403 22:31:35.831"/>
</kw>
<status status="PASS" starttime="20230403 22:31:33.680" endtime="20230403 22:31:35.831"/>
</kw>
<doc>Esse teste acessa a home page da ZUP e verifica
os principais componentes da página</doc>
<status status="PASS" starttime="20230403 22:31:26.336" endtime="20230403 22:31:35.831"/>
</test>
<test id="s1-s1-t2" name="Caso de Teste 02 - Acesso à página Sobre" line="16">
<kw name="Abrir o navegador" library="web_testing" type="SETUP">
<kw name="Open Browser" library="SeleniumLibrary">
<arg>browser=chrome</arg>
<doc>Opens a new browser instance to the optional ``url``.</doc>
<msg timestamp="20230403 22:31:35.831" level="INFO">Opening browser 'chrome' to base url 'None'.</msg>
<status status="PASS" starttime="20230403 22:31:35.831" endtime="20230403 22:31:36.998"/>
</kw>
<status status="PASS" starttime="20230403 22:31:35.831" endtime="20230403 22:31:36.998"/>
</kw>
<kw name="Acessar a página da ZUP" library="web_testing">
<kw name="Go To" library="SeleniumLibrary">
<arg>${URL}</arg>
<doc>Navigates the current browser window to the provided ``url``.</doc>
<msg timestamp="20230403 22:31:37.000" level="INFO">Opening url 'https://www.zup.com.br'</msg>
<status status="PASS" starttime="20230403 22:31:37.000" endtime="20230403 22:31:40.971"/>
</kw>
<kw name="Maximize Browser Window" library="SeleniumLibrary">
<doc>Maximizes current browser window.</doc>
<status status="PASS" starttime="20230403 22:31:40.971" endtime="20230403 22:31:41.111"/>
</kw>
<status status="PASS" starttime="20230403 22:31:36.998" endtime="20230403 22:31:41.111"/>
</kw>
<kw name="Verificar se aparece a frase &quot;Modernize e evolua seu negócio com a Zup&quot;" library="web_testing">
<kw name="Wait Until Element Is Visible" library="SeleniumLibrary">
<arg>${HEADER_HOME}</arg>
<doc>Waits until the element ``locator`` is visible.</doc>
<status status="PASS" starttime="20230403 22:31:41.111" endtime="20230403 22:31:41.241"/>
</kw>
<status status="PASS" starttime="20230403 22:31:41.111" endtime="20230403 22:31:41.241"/>
</kw>
<kw name="Clicar no menu Sobre" library="web_testing">
<kw name="Click Element" library="SeleniumLibrary">
<arg>${MENU_SOBRE}</arg>
<doc>Click the element identified by ``locator``.</doc>
<msg timestamp="20230403 22:31:41.244" level="INFO">Clicking element '//html[1]/body[1]/div[1]/section[1]/div[2]/div[2]/div[1]/div[4]/div[1]/nav[1]/ul[1]/li[1]/a[1]'.</msg>
<msg timestamp="20230403 22:31:42.248" level="INFO" html="true">&lt;/td&gt;&lt;/tr&gt;&lt;tr&gt;&lt;td colspan="3"&gt;&lt;a href="selenium-screenshot-1.png"&gt;&lt;img src="selenium-screenshot-1.png" width="800px"&gt;&lt;/a&gt;</msg>
<msg timestamp="20230403 22:31:42.248" level="FAIL">Element with locator '//html[1]/body[1]/div[1]/section[1]/div[2]/div[2]/div[1]/div[4]/div[1]/nav[1]/ul[1]/li[1]/a[1]' not found.</msg>
<status status="FAIL" starttime="20230403 22:31:41.242" endtime="20230403 22:31:42.262"/>
</kw>
<status status="FAIL" starttime="20230403 22:31:41.242" endtime="20230403 22:31:42.262"/>
</kw>
<kw name="Verificar a URL da página Sobre" library="web_testing">
<status status="NOT RUN" starttime="20230403 22:31:42.262" endtime="20230403 22:31:42.262"/>
</kw>
<kw name="Verificar se aparece a frase &quot;Nós criamos tecnologia!&quot;" library="web_testing">
<status status="NOT RUN" starttime="20230403 22:31:42.262" endtime="20230403 22:31:42.262"/>
</kw>
<kw name="Fechar o navegador" library="web_testing" type="TEARDOWN">
<kw name="Close Browser" library="SeleniumLibrary">
<doc>Closes the current browser.</doc>
<status status="PASS" starttime="20230403 22:31:42.262" endtime="20230403 22:31:44.383"/>
</kw>
<status status="PASS" starttime="20230403 22:31:42.262" endtime="20230403 22:31:44.383"/>
</kw>
<status status="FAIL" starttime="20230403 22:31:35.831" endtime="20230403 22:31:44.383">Element with locator '//html[1]/body[1]/div[1]/section[1]/div[2]/div[2]/div[1]/div[4]/div[1]/nav[1]/ul[1]/li[1]/a[1]' not found.</status>
</test>
<test id="s1-s1-t3" name="Caso de Teste 03 - Acesso à pagina Cultura" line="23">
<kw name="Abrir o navegador" library="web_testing" type="SETUP">
<kw name="Open Browser" library="SeleniumLibrary">
<arg>browser=chrome</arg>
<doc>Opens a new browser instance to the optional ``url``.</doc>
<msg timestamp="20230403 22:31:44.386" level="INFO">Opening browser 'chrome' to base url 'None'.</msg>
<status status="PASS" starttime="20230403 22:31:44.385" endtime="20230403 22:31:45.515"/>
</kw>
<status status="PASS" starttime="20230403 22:31:44.385" endtime="20230403 22:31:45.515"/>
</kw>
<kw name="Acessar a página da ZUP" library="web_testing">
<kw name="Go To" library="SeleniumLibrary">
<arg>${URL}</arg>
<doc>Navigates the current browser window to the provided ``url``.</doc>
<msg timestamp="20230403 22:31:45.517" level="INFO">Opening url 'https://www.zup.com.br'</msg>
<status status="PASS" starttime="20230403 22:31:45.517" endtime="20230403 22:31:49.267"/>
</kw>
<kw name="Maximize Browser Window" library="SeleniumLibrary">
<doc>Maximizes current browser window.</doc>
<status status="PASS" starttime="20230403 22:31:49.267" endtime="20230403 22:31:49.446"/>
</kw>
<status status="PASS" starttime="20230403 22:31:45.515" endtime="20230403 22:31:49.446"/>
</kw>
<kw name="Verificar se aparece a frase &quot;Modernize e evolua seu negócio com a Zup&quot;" library="web_testing">
<kw name="Wait Until Element Is Visible" library="SeleniumLibrary">
<arg>${HEADER_HOME}</arg>
<doc>Waits until the element ``locator`` is visible.</doc>
<status status="PASS" starttime="20230403 22:31:49.446" endtime="20230403 22:31:49.606"/>
</kw>
<status status="PASS" starttime="20230403 22:31:49.446" endtime="20230403 22:31:49.606"/>
</kw>
<kw name="Clicar no menu Cultura" library="web_testing">
<kw name="Click Element" library="SeleniumLibrary">
<arg>${MENU_CULTURA}</arg>
<doc>Click the element identified by ``locator``.</doc>
<msg timestamp="20230403 22:31:49.606" level="INFO">Clicking element '//html[1]/body[1]/div[1]/section[1]/div[2]/div[2]/div[1]/div[4]/div[1]/nav[1]/ul[1]/li[2]/a[1]'.</msg>
<msg timestamp="20230403 22:31:50.550" level="INFO" html="true">&lt;/td&gt;&lt;/tr&gt;&lt;tr&gt;&lt;td colspan="3"&gt;&lt;a href="selenium-screenshot-2.png"&gt;&lt;img src="selenium-screenshot-2.png" width="800px"&gt;&lt;/a&gt;</msg>
<msg timestamp="20230403 22:31:50.550" level="FAIL">Element with locator '//html[1]/body[1]/div[1]/section[1]/div[2]/div[2]/div[1]/div[4]/div[1]/nav[1]/ul[1]/li[2]/a[1]' not found.</msg>
<status status="FAIL" starttime="20230403 22:31:49.606" endtime="20230403 22:31:50.552"/>
</kw>
<status status="FAIL" starttime="20230403 22:31:49.606" endtime="20230403 22:31:50.552"/>
</kw>
<kw name="Verificar a URL da página Cultura" library="web_testing">
<status status="NOT RUN" starttime="20230403 22:31:50.552" endtime="20230403 22:31:50.552"/>
</kw>
<kw name="Verificar se aparece a frase &quot;Cultura Zup&quot;" library="web_testing">
<status status="NOT RUN" starttime="20230403 22:31:50.552" endtime="20230403 22:31:50.552"/>
</kw>
<kw name="Fechar o navegador" library="web_testing" type="TEARDOWN">
<kw name="Close Browser" library="SeleniumLibrary">
<doc>Closes the current browser.</doc>
<status status="PASS" starttime="20230403 22:31:50.552" endtime="20230403 22:31:52.670"/>
</kw>
<status status="PASS" starttime="20230403 22:31:50.552" endtime="20230403 22:31:52.670"/>
</kw>
<status status="FAIL" starttime="20230403 22:31:44.385" endtime="20230403 22:31:52.670">Element with locator '//html[1]/body[1]/div[1]/section[1]/div[2]/div[2]/div[1]/div[4]/div[1]/nav[1]/ul[1]/li[2]/a[1]' not found.</status>
</test>
<test id="s1-s1-t4" name="Caso de Teste 04 - Acesso à home page em inglês" line="30">
<kw name="Abrir o navegador" library="web_testing" type="SETUP">
<kw name="Open Browser" library="SeleniumLibrary">
<arg>browser=chrome</arg>
<doc>Opens a new browser instance to the optional ``url``.</doc>
<msg timestamp="20230403 22:31:52.670" level="INFO">Opening browser 'chrome' to base url 'None'.</msg>
<status status="PASS" starttime="20230403 22:31:52.670" endtime="20230403 22:31:53.777"/>
</kw>
<status status="PASS" starttime="20230403 22:31:52.670" endtime="20230403 22:31:53.777"/>
</kw>
<kw name="Acessar a página da ZUP" library="web_testing">
<kw name="Go To" library="SeleniumLibrary">
<arg>${URL}</arg>
<doc>Navigates the current browser window to the provided ``url``.</doc>
<msg timestamp="20230403 22:31:53.777" level="INFO">Opening url 'https://www.zup.com.br'</msg>
<status status="PASS" starttime="20230403 22:31:53.777" endtime="20230403 22:31:57.561"/>
</kw>
<kw name="Maximize Browser Window" library="SeleniumLibrary">
<doc>Maximizes current browser window.</doc>
<status status="PASS" starttime="20230403 22:31:57.561" endtime="20230403 22:31:57.688"/>
</kw>
<status status="PASS" starttime="20230403 22:31:53.777" endtime="20230403 22:31:57.688"/>
</kw>
<kw name="Verificar se aparece a frase &quot;Modernize e evolua seu negócio com a Zup&quot;" library="web_testing">
<kw name="Wait Until Element Is Visible" library="SeleniumLibrary">
<arg>${HEADER_HOME}</arg>
<doc>Waits until the element ``locator`` is visible.</doc>
<status status="PASS" starttime="20230403 22:31:57.688" endtime="20230403 22:31:57.835"/>
</kw>
<status status="PASS" starttime="20230403 22:31:57.688" endtime="20230403 22:31:57.835"/>
</kw>
<kw name="Clicar no botão de tradução para o Inglês" library="web_testing">
<kw name="Click Element" library="SeleniumLibrary">
<arg>${BUTTON_EN}</arg>
<doc>Click the element identified by ``locator``.</doc>
<msg timestamp="20230403 22:31:57.842" level="INFO">Clicking element '//html/body/div[1]/section[1]/div[2]/div[2]/div/div[2]/div/a'.</msg>
<msg timestamp="20230403 22:31:59.487" level="INFO" html="true">&lt;/td&gt;&lt;/tr&gt;&lt;tr&gt;&lt;td colspan="3"&gt;&lt;a href="selenium-screenshot-3.png"&gt;&lt;img src="selenium-screenshot-3.png" width="800px"&gt;&lt;/a&gt;</msg>
<msg timestamp="20230403 22:31:59.487" level="FAIL">Element with locator '//html/body/div[1]/section[1]/div[2]/div[2]/div/div[2]/div/a' not found.</msg>
<status status="FAIL" starttime="20230403 22:31:57.839" endtime="20230403 22:31:59.487"/>
</kw>
<status status="FAIL" starttime="20230403 22:31:57.835" endtime="20230403 22:31:59.487"/>
</kw>
<kw name="Verificar se aparece a frase &quot;Sharpen up your business and evolve with Zup&quot;" library="web_testing">
<status status="NOT RUN" starttime="20230403 22:31:59.487" endtime="20230403 22:31:59.487"/>
</kw>
<kw name="Fechar o navegador" library="web_testing" type="TEARDOWN">
<kw name="Close Browser" library="SeleniumLibrary">
<doc>Closes the current browser.</doc>
<status status="PASS" starttime="20230403 22:31:59.487" endtime="20230403 22:32:01.604"/>
</kw>
<status status="PASS" starttime="20230403 22:31:59.487" endtime="20230403 22:32:01.606"/>
</kw>
<status status="FAIL" starttime="20230403 22:31:52.670" endtime="20230403 22:32:01.607">Element with locator '//html/body/div[1]/section[1]/div[2]/div[2]/div/div[2]/div/a' not found.</status>
</test>
<doc>Essa suíte testa o site da ZUP</doc>
<status status="FAIL" starttime="20230403 22:31:25.878" endtime="20230403 22:32:01.609"/>
</suite>
<status status="FAIL" starttime="20230403 22:31:25.839" endtime="20230403 22:32:01.617"/>
</suite>
<statistics>
<total>
<stat pass="1" fail="3" skip="0">All Tests</stat>
</total>
<tag>
</tag>
<suite>
<stat pass="1" fail="3" skip="0" id="s1" name="Tests">Tests</stat>
<stat pass="1" fail="3" skip="0" id="s1-s1" name="Web Testing">Tests.Web Testing</stat>
</suite>
</statistics>
<errors>
</errors>
</robot>
